<?xml version="1.0" encoding="UTF-8"?>
<!-- Generated by org.testng.reporters.JUnitXMLReporter -->
<testsuite hostname="sainath-PC" ignored="0" name="Test" tests="10" failures="2" timestamp="15 Sep 2020 09:59:06 GMT" time="31.75" errors="0">
  <testcase name="setUp" time="9.754" classname="selenium.APIS.FlightBookingHomePageTest"/>
  <testcase name="setUp" time="0.004" classname="selenium.APIS.ChoseFlightPageTest"/>
  <testcase name="setUp" time="0.005" classname="selenium.APIS.FillDetailsPageTest"/>
  <testcase name="setUp" time="0.004" classname="selenium.APIS.PurchaseConfirmationPageTest"/>
  <testcase name="verifyHomePageTitle" time="0.038" classname="selenium.APIS.FlightBookingHomePageTest"/>
  <testcase name="ClickonChooseThisFlightbtn" time="17.632" classname="selenium.APIS.ChoseFlightPageTest"/>
  <testcase name="fillDetailsOfCustomer" time="0.086" classname="selenium.APIS.FillDetailsPageTest"/>
  <testcase name="purchaseIdVerification" time="4.155" classname="selenium.APIS.PurchaseConfirmationPageTest"/>
  <testcase name="selectDepartureandDestinationcity" time="0.013" classname="selenium.APIS.FlightBookingHomePageTest">
    <failure type="org.openqa.selenium.NoSuchSessionException" message="Session ID is null. Using WebDriver after calling quit()?
Build info: version: &amp;apos;3.14.0&amp;apos;, revision: &amp;apos;aacccce0&amp;apos;, time: &amp;apos;2018-08-02T20:19:58.91Z&amp;apos;
System info: host: &amp;apos;SAINATH-PC&amp;apos;, ip: &amp;apos;192.168.43.225&amp;apos;, os.name: &amp;apos;Windows 7&amp;apos;, os.arch: &amp;apos;x86&amp;apos;, os.version: &amp;apos;6.1&amp;apos;, java.version: &amp;apos;1.8.0_121&amp;apos;
Driver info: driver.version: RemoteWebDriver">
      <![CDATA[org.openqa.selenium.NoSuchSessionException: Session ID is null. Using WebDriver after calling quit()?
Build info: version: '3.14.0', revision: 'aacccce0', time: '2018-08-02T20:19:58.91Z'
System info: host: 'SAINATH-PC', ip: '192.168.43.225', os.name: 'Windows 7', os.arch: 'x86', os.version: '6.1', java.version: '1.8.0_121'
Driver info: driver.version: RemoteWebDriver
	at org.openqa.selenium.remote.HttpCommandExecutor.execute(HttpCommandExecutor.java:125)
	at org.openqa.selenium.remote.service.DriverCommandExecutor.execute(DriverCommandExecutor.java:83)
	at org.openqa.selenium.remote.RemoteWebDriver.execute(RemoteWebDriver.java:548)
	at org.openqa.selenium.remote.RemoteWebDriver.findElement(RemoteWebDriver.java:322)
	at org.openqa.selenium.remote.RemoteWebDriver.findElementByXPath(RemoteWebDriver.java:424)
	at org.openqa.selenium.By$ByXPath.findElement(By.java:353)
	at org.openqa.selenium.remote.RemoteWebDriver.findElement(RemoteWebDriver.java:314)
	at org.openqa.selenium.support.pagefactory.DefaultElementLocator.findElement(DefaultElementLocator.java:69)
	at org.openqa.selenium.support.pagefactory.internal.LocatingElementHandler.invoke(LocatingElementHandler.java:38)
	at com.sun.proxy.$Proxy7.getTagName(Unknown Source)
	at org.openqa.selenium.support.ui.Select.<init>(Select.java:44)
	at selenium.APIS.pages.FlightBookingHomePage.Selectdeparturecity(FlightBookingHomePage.java:44)
	at selenium.APIS.FlightBookingHomePageTest.selectDepartureandDestinationcity(FlightBookingHomePageTest.java:34)
... Removed 25 stack frames]]>
    </failure>
  </testcase> <!-- selectDepartureandDestinationcity -->
  <testcase name="navigateToCnfPage" time="0.002" classname="selenium.APIS.FillDetailsPageTest">
    <failure type="org.openqa.selenium.NoSuchSessionException" message="Session ID is null. Using WebDriver after calling quit()?
Build info: version: &amp;apos;3.14.0&amp;apos;, revision: &amp;apos;aacccce0&amp;apos;, time: &amp;apos;2018-08-02T20:19:58.91Z&amp;apos;
System info: host: &amp;apos;SAINATH-PC&amp;apos;, ip: &amp;apos;192.168.43.225&amp;apos;, os.name: &amp;apos;Windows 7&amp;apos;, os.arch: &amp;apos;x86&amp;apos;, os.version: &amp;apos;6.1&amp;apos;, java.version: &amp;apos;1.8.0_121&amp;apos;
Driver info: driver.version: RemoteWebDriver">
      <![CDATA[org.openqa.selenium.NoSuchSessionException: Session ID is null. Using WebDriver after calling quit()?
Build info: version: '3.14.0', revision: 'aacccce0', time: '2018-08-02T20:19:58.91Z'
System info: host: 'SAINATH-PC', ip: '192.168.43.225', os.name: 'Windows 7', os.arch: 'x86', os.version: '6.1', java.version: '1.8.0_121'
Driver info: driver.version: RemoteWebDriver
	at org.openqa.selenium.remote.HttpCommandExecutor.execute(HttpCommandExecutor.java:125)
	at org.openqa.selenium.remote.service.DriverCommandExecutor.execute(DriverCommandExecutor.java:83)
	at org.openqa.selenium.remote.RemoteWebDriver.execute(RemoteWebDriver.java:548)
	at org.openqa.selenium.remote.RemoteWebDriver.findElement(RemoteWebDriver.java:322)
	at org.openqa.selenium.remote.RemoteWebDriver.findElementByXPath(RemoteWebDriver.java:424)
	at org.openqa.selenium.By$ByXPath.findElement(By.java:353)
	at org.openqa.selenium.remote.RemoteWebDriver.findElement(RemoteWebDriver.java:314)
	at org.openqa.selenium.support.pagefactory.DefaultElementLocator.findElement(DefaultElementLocator.java:69)
	at org.openqa.selenium.support.pagefactory.internal.LocatingElementHandler.invoke(LocatingElementHandler.java:38)
	at com.sun.proxy.$Proxy7.click(Unknown Source)
	at selenium.APIS.pages.FillDetailsPage.clickOnPurchaseFlightBtn(FillDetailsPage.java:36)
	at selenium.APIS.FillDetailsPageTest.navigateToCnfPage(FillDetailsPageTest.java:34)
... Removed 25 stack frames]]>
    </failure>
  </testcase> <!-- navigateToCnfPage -->
</testsuite> <!-- Test -->
